%このファイルは日本語文字を含みます.
\BOOKMARK [0][-]{chapter*.1}{目次}{}% 1
\BOOKMARK [1][-]{section.3.1}{ばねで結合した振り子の連成振動を議論しよう}{chapter*.1}% 2
\BOOKMARK [2][-]{subsection.3.1.1}{1}{section.3.1}% 3
\BOOKMARK [2][-]{subsection.3.1.2}{2}{section.3.1}% 4
\BOOKMARK [2][-]{subsection.3.1.3}{3}{section.3.1}% 5
\BOOKMARK [2][-]{subsection.3.1.4}{4}{section.3.1}% 6
\BOOKMARK [2][-]{subsection.3.1.5}{5}{section.3.1}% 7
\BOOKMARK [2][-]{subsection.3.1.6}{6}{section.3.1}% 8
\BOOKMARK [2][-]{subsection.3.1.7}{7}{section.3.1}% 9
\BOOKMARK [2][-]{subsection.3.1.8}{8}{section.3.1}% 10
\BOOKMARK [2][-]{subsection.3.1.9}{9}{section.3.1}% 11
\BOOKMARK [2][-]{subsection.3.1.10}{10}{section.3.1}% 12
\BOOKMARK [2][-]{subsection.3.1.11}{11}{section.3.1}% 13
\BOOKMARK [1][-]{section.3.2}{問題2}{chapter*.1}% 14
\BOOKMARK [2][-]{subsection.3.2.1}{1}{section.3.2}% 15
\BOOKMARK [2][-]{subsection.3.2.2}{2}{section.3.2}% 16
\BOOKMARK [2][-]{subsection.3.2.3}{3}{section.3.2}% 17
\BOOKMARK [2][-]{subsection.3.2.4}{4}{section.3.2}% 18
\BOOKMARK [2][-]{subsection.3.2.5}{5}{section.3.2}% 19
\BOOKMARK [1][-]{section.3.3}{描画}{chapter*.1}% 20
