%このファイルは日本語文字を含みます.
\BOOKMARK [-1][-]{chapter*.2}{無産階級数学者革命綱要}{}% 1
\BOOKMARK [-1][-]{part.1}{第I部 一般位相空間論}{}% 2
\BOOKMARK [0][-]{chapter.1}{位相と位相空間の基本常識}{part.1}% 3
\BOOKMARK [1][-]{section.1.1}{位相，開基，準開基}{chapter.1}% 4
\BOOKMARK [1][-]{section.1.2}{順序位相，積位相，部分位相}{chapter.1}% 5
\BOOKMARK [1][-]{section.1.3}{閉集合, 集積点, 内部, 閉包, 近傍, 境界}{chapter.1}% 6
\BOOKMARK [1][-]{section.1.4}{連続写像}{chapter.1}% 7
\BOOKMARK [1][-]{section.1.5}{直積位相}{chapter.1}% 8
\BOOKMARK [1][-]{section.1.6}{Metric Topology}{chapter.1}% 9
\BOOKMARK [1][-]{section.1.7}{商位相}{chapter.1}% 10
\BOOKMARK [1][-]{section.1.8}{位相構造}{chapter.1}% 11
\BOOKMARK [0][-]{chapter.2}{連結性とコンパクト性}{part.1}% 12
\BOOKMARK [1][-]{section.2.1}{連結性}{chapter.2}% 13
\BOOKMARK [1][-]{section.2.2}{実数の連続性と弧状連結}{chapter.2}% 14
\BOOKMARK [1][-]{section.2.3}{連結成分と局所連結}{chapter.2}% 15
\BOOKMARK [1][-]{section.2.4}{コンパクト性}{chapter.2}% 16
\BOOKMARK [1][-]{section.2.5}{実数上のコンパクト空間}{chapter.2}% 17
\BOOKMARK [1][-]{section.2.6}{集積点コンパクト性}{chapter.2}% 18
\BOOKMARK [1][-]{section.2.7}{局所コンパクト性とコンパクト化}{chapter.2}% 19
